app/build/intermediates/manifest_merge_blame_file/debug/manifest-merger-blame-debug-report.txt
1<?xml version="1.0" encoding="utf-8"?>
2<manifest xmlns:android="http://schemas.android.com/apk/res/android"
3    package="sjsu.cmpe277.servicesapp"
4    android:versionCode="1"
5    android:versionName="1.0" >
6
7    <uses-sdk
8        android:minSdkVersion="21"
8-->src\main\AndroidManifest.xml
9        android:targetSdkVersion="28" />
9-->src\main\AndroidManifest.xml
10
11    <uses-permission android:name="android.permission.INTERNET" />
11-->src\main\AndroidManifest.xml:21:5-67
11-->src\main\AndroidManifest.xml:21:22-64
12    <uses-permission android:name="android.permission.WRITE_EXTERNAL_STORAGE" />
12-->src\main\AndroidManifest.xml:22:5-80
12-->src\main\AndroidManifest.xml:22:22-78
13    <uses-permission android:name="android.permission.ACCESS_NETWORK_STATE" />
13-->src\main\AndroidManifest.xml:23:5-79
13-->src\main\AndroidManifest.xml:23:22-76
14
15    <application
15-->src\main\AndroidManifest.xml:5:5-20:19
16        android:allowBackup="true"
16-->src\main\AndroidManifest.xml:6:9-35
17        android:appComponentFactory="android.support.v4.app.CoreComponentFactory"
17-->[com.android.support:support-compat:28.0.0] AndroidManifest.xml:22:18-91
18        android:debuggable="true"
19        android:icon="@mipmap/ic_launcher"
19-->src\main\AndroidManifest.xml:7:9-43
20        android:label="@string/app_name"
20-->src\main\AndroidManifest.xml:8:9-41
21        android:roundIcon="@mipmap/ic_launcher_round"
21-->src\main\AndroidManifest.xml:9:9-54
22        android:supportsRtl="true"
22-->src\main\AndroidManifest.xml:10:9-35
23        android:testOnly="true"
24        android:theme="@style/AppTheme" >
24-->src\main\AndroidManifest.xml:11:9-40
25        <activity android:name="sjsu.cmpe277.servicesapp.MainActivity" >
25-->src\main\AndroidManifest.xml:12:9-18:20
25-->src\main\AndroidManifest.xml:12:19-47
26            <intent-filter>
26-->src\main\AndroidManifest.xml:13:13-17:29
27                <action android:name="android.intent.action.MAIN" />
27-->src\main\AndroidManifest.xml:14:17-69
27-->src\main\AndroidManifest.xml:14:25-66
28
29                <category android:name="android.intent.category.LAUNCHER" />
29-->src\main\AndroidManifest.xml:16:17-77
29-->src\main\AndroidManifest.xml:16:27-74
30            </intent-filter>
31        </activity>
32
33        <service android:name="sjsu.cmpe277.servicesapp.PdfDownloadService" />
33-->src\main\AndroidManifest.xml:19:9-54
33-->src\main\AndroidManifest.xml:19:18-52
34    </application>
35
36</manifest>